Using pre-set license
Built from '2022.3/staging' branch; Version is '2022.3.9f1 (ea401c316338) revision 15351836'; Using compiler version '192829333'; Build Type 'Release'
OS: 'Windows 10  (10.0.19045) 64bit Core' Language: 'en' Physical Memory: 16312 MB
BatchMode: 1, IsHumanControllingUs: 0, StartBugReporterOnCrash: 0, Is64bit: 1, IsPro: 1

COMMAND LINE ARGUMENTS:
C:\Program Files\Unity\Hub\Editor\2022.3.9f1\Editor\Unity.exe
-adb2
-batchMode
-noUpm
-name
AssetImportWorker0
-projectPath
C:/Users/sueun/MTEC-4800/Textures/My project (3)
-logFile
Logs/AssetImportWorker0.log
-srvPort
50067
Successfully changed project path to: C:/Users/sueun/MTEC-4800/Textures/My project (3)
C:/Users/sueun/MTEC-4800/Textures/My project (3)
[UnityMemory] Configuration Parameters - Can be set up in boot.config
    "memorysetup-bucket-allocator-granularity=16"
    "memorysetup-bucket-allocator-bucket-count=8"
    "memorysetup-bucket-allocator-block-size=33554432"
    "memorysetup-bucket-allocator-block-count=8"
    "memorysetup-main-allocator-block-size=16777216"
    "memorysetup-thread-allocator-block-size=16777216"
    "memorysetup-gfx-main-allocator-block-size=16777216"
    "memorysetup-gfx-thread-allocator-block-size=16777216"
    "memorysetup-cache-allocator-block-size=4194304"
    "memorysetup-typetree-allocator-block-size=2097152"
    "memorysetup-profiler-bucket-allocator-granularity=16"
    "memorysetup-profiler-bucket-allocator-bucket-count=8"
    "memorysetup-profiler-bucket-allocator-block-size=33554432"
    "memorysetup-profiler-bucket-allocator-block-count=8"
    "memorysetup-profiler-allocator-block-size=16777216"
    "memorysetup-profiler-editor-allocator-block-size=1048576"
    "memorysetup-temp-allocator-size-main=16777216"
    "memorysetup-job-temp-allocator-block-size=2097152"
    "memorysetup-job-temp-allocator-block-size-background=1048576"
    "memorysetup-job-temp-allocator-reduction-small-platforms=262144"
    "memorysetup-allocator-temp-initial-block-size-main=262144"
    "memorysetup-allocator-temp-initial-block-size-worker=262144"
    "memorysetup-temp-allocator-size-background-worker=32768"
    "memorysetup-temp-allocator-size-job-worker=262144"
    "memorysetup-temp-allocator-size-preload-manager=33554432"
    "memorysetup-temp-allocator-size-nav-mesh-worker=65536"
    "memorysetup-temp-allocator-size-audio-worker=65536"
    "memorysetup-temp-allocator-size-cloud-worker=32768"
    "memorysetup-temp-allocator-size-gi-baking-worker=262144"
    "memorysetup-temp-allocator-size-gfx=262144"
Player connection [27384] Host "[IP] 192.168.1.158 [Port] 0 [Flags] 2 [Guid] 3258170931 [EditorId] 3258170931 [Version] 1048832 [Id] WindowsEditor(7,DESKTOP-OF0EQBB) [Debug] 1 [PackageName] WindowsEditor [ProjectName] Editor" joined multi-casting on [225.0.0.222:54997]...

Player connection [27384] Host "[IP] 192.168.1.158 [Port] 0 [Flags] 2 [Guid] 3258170931 [EditorId] 3258170931 [Version] 1048832 [Id] WindowsEditor(7,DESKTOP-OF0EQBB) [Debug] 1 [PackageName] WindowsEditor [ProjectName] Editor" joined alternative multi-casting on [225.0.0.222:34997]...

[Physics::Module] Initialized MultithreadedJobDispatcher with 11 workers.
Refreshing native plugins compatible for Editor in 10.72 ms, found 3 plugins.
Preloading 0 native plugins for Editor in 0.00 ms.
Initialize engine version: 2022.3.9f1 (ea401c316338)
[Subsystems] Discovering subsystems at path C:/Program Files/Unity/Hub/Editor/2022.3.9f1/Editor/Data/Resources/UnitySubsystems
[Subsystems] Discovering subsystems at path C:/Users/sueun/MTEC-4800/Textures/My project (3)/Assets
GfxDevice: creating device client; threaded=0; jobified=0
Direct3D:
    Version:  Direct3D 11.0 [level 11.1]
    Renderer: NVIDIA GeForce RTX 3060 (ID=0x2503)
    Vendor:   NVIDIA
    VRAM:     12129 MB
    Driver:   31.0.15.3623
Initialize mono
Mono path[0] = 'C:/Program Files/Unity/Hub/Editor/2022.3.9f1/Editor/Data/Managed'
Mono path[1] = 'C:/Program Files/Unity/Hub/Editor/2022.3.9f1/Editor/Data/MonoBleedingEdge/lib/mono/unityjit-win32'
Mono config path = 'C:/Program Files/Unity/Hub/Editor/2022.3.9f1/Editor/Data/MonoBleedingEdge/etc'
Using monoOptions --debugger-agent=transport=dt_socket,embedding=1,server=y,suspend=n,address=127.0.0.1:56476
Begin MonoManager ReloadAssembly
Registering precompiled unity dll's ...
Register platform support module: C:/Program Files/Unity/Hub/Editor/2022.3.9f1/Editor/Data/PlaybackEngines/MacStandaloneSupport/UnityEditor.OSXStandalone.Extensions.dll
Register platform support module: C:/Program Files/Unity/Hub/Editor/2022.3.9f1/Editor/Data/PlaybackEngines/WindowsStandaloneSupport/UnityEditor.WindowsStandalone.Extensions.dll
Registered in 0.018470 seconds.
- Loaded All Assemblies, in  0.424 seconds
Native extension for WindowsStandalone target not found
Native extension for OSXStandalone target not found
Mono: successfully reloaded assembly
- Finished resetting the current domain, in  0.306 seconds
Domain Reload Profiling: 727ms
	BeginReloadAssembly (133ms)
		ExecutionOrderSort (0ms)
		DisableScriptedObjects (0ms)
		BackupInstance (0ms)
		ReleaseScriptingObjects (0ms)
		CreateAndSetChildDomain (1ms)
	RebuildCommonClasses (40ms)
	RebuildNativeTypeToScriptingClass (12ms)
	initialDomainReloadingComplete (78ms)
	LoadAllAssembliesAndSetupDomain (159ms)
		LoadAssemblies (130ms)
		RebuildTransferFunctionScriptingTraits (0ms)
		AnalyzeDomain (156ms)
			TypeCache.Refresh (154ms)
				TypeCache.ScanAssembly (139ms)
			ScanForSourceGeneratedMonoScriptInfo (0ms)
			ResolveRequiredComponents (0ms)
	FinalizeReload (306ms)
		ReleaseScriptCaches (0ms)
		RebuildScriptCaches (0ms)
		SetupLoadedEditorAssemblies (239ms)
			LogAssemblyErrors (0ms)
			InitializePlatformSupportModulesInManaged (16ms)
			SetLoadedEditorAssemblies (8ms)
			RefreshPlugins (0ms)
			BeforeProcessingInitializeOnLoad (3ms)
			ProcessInitializeOnLoadAttributes (157ms)
			ProcessInitializeOnLoadMethodAttributes (56ms)
			AfterProcessingInitializeOnLoad (0ms)
			EditorAssembliesLoaded (0ms)
		ExecutionOrderSort2 (0ms)
		AwakeInstancesAfterBackupRestoration (0ms)
========================================================================
Worker process is ready to serve import requests
Begin MonoManager ReloadAssembly
- Loaded All Assemblies, in  0.742 seconds
Refreshing native plugins compatible for Editor in 3.77 ms, found 3 plugins.
Native extension for WindowsStandalone target not found
Native extension for OSXStandalone target not found
Package Manager log level set to [2]
[Package Manager] Server::EnsureServerProcessIsRunning -- launch failed, reason: Unity was launched with the -noUpm command-line argument
[Package Manager] UpmClient::Send -- Unable to send message (not connected to UPM process).
[Package Manager] Cannot connect to Unity Package Manager local server
Mono: successfully reloaded assembly
- Finished resetting the current domain, in  0.619 seconds
Domain Reload Profiling: 1358ms
	BeginReloadAssembly (173ms)
		ExecutionOrderSort (0ms)
		DisableScriptedObjects (6ms)
		BackupInstance (0ms)
		ReleaseScriptingObjects (0ms)
		CreateAndSetChildDomain (24ms)
	RebuildCommonClasses (41ms)
	RebuildNativeTypeToScriptingClass (13ms)
	initialDomainReloadingComplete (50ms)
	LoadAllAssembliesAndSetupDomain (461ms)
		LoadAssemblies (355ms)
		RebuildTransferFunctionScriptingTraits (0ms)
		AnalyzeDomain (206ms)
			TypeCache.Refresh (180ms)
				TypeCache.ScanAssembly (162ms)
			ScanForSourceGeneratedMonoScriptInfo (18ms)
			ResolveRequiredComponents (6ms)
	FinalizeReload (620ms)
		ReleaseScriptCaches (0ms)
		RebuildScriptCaches (0ms)
		SetupLoadedEditorAssemblies (450ms)
			LogAssemblyErrors (0ms)
			InitializePlatformSupportModulesInManaged (12ms)
			SetLoadedEditorAssemblies (3ms)
			RefreshPlugins (0ms)
			BeforeProcessingInitializeOnLoad (71ms)
			ProcessInitializeOnLoadAttributes (329ms)
			ProcessInitializeOnLoadMethodAttributes (24ms)
			AfterProcessingInitializeOnLoad (10ms)
			EditorAssembliesLoaded (0ms)
		ExecutionOrderSort2 (0ms)
		AwakeInstancesAfterBackupRestoration (8ms)
Launched and connected shader compiler UnityShaderCompiler.exe after 0.05 seconds
Refreshing native plugins compatible for Editor in 5.34 ms, found 3 plugins.
Preloading 0 native plugins for Editor in 0.00 ms.
Unloading 3069 Unused Serialized files (Serialized files now loaded: 0)
Unloading 31 unused Assets / (56.3 KB). Loaded Objects now: 3531.
Memory consumption went from 114.4 MB to 114.4 MB.
Total: 9.067100 ms (FindLiveObjects: 2.950500 ms CreateObjectMapping: 0.612100 ms MarkObjects: 5.368000 ms  DeleteObjects: 0.135500 ms)

AssetImportParameters requested are different than current active one (requested -> active):
  custom:container-demuxer-ogg: 62fdf1f143b41e24485cea50d1cbac27 -> 
  custom:video-decoder-ogg-theora: a1e56fd34408186e4bbccfd4996cb3dc -> 
  custom:framework-win-MediaFoundation: 216162199b28c13a410421893ffa2e32 -> 
  custom:CustomObjectIndexerAttribute: 756ad292c208cfabdd7b50bc23989ffe -> 
  custom:container-demuxer-webm: 4f35f7cbe854078d1ac9338744f61a02 -> 
  custom:container-muxer-webm: aa71ff27fc2769a1b78a27578f13a17b -> 
  custom:video-decoder-webm-vp8: 9c59270c3fd7afecdb556c50c9e8de78 -> 
  custom:SearchIndexIgnoredProperties: e643bd26f0fe6173181afceb89e7c659 -> 
  custom:AudioImporter_EditorPlatform: d09bf68614088b80899f8185d706f6e7 -> 
  custom:video-encoder-webm-vp8: eb34c28f22e8b96e1ab97ce403110664 -> 
  custom:audio-decoder-ogg-vorbis: bf7c407c2cedff20999df2af8eb42d56 -> 
  custom:audio-encoder-webm-vorbis: bf7c407c2cedff20999df2af8eb42d56 -> 
========================================================================
Received Import Request.
  Time since last request: 1219379.894026 seconds.
  path: Assets/Materials/submarinewall/submarine_diffuse.tiff
  artifactKey: Guid(b36a6bf319d38b94f877f778df8d988f) Importer(815301076,1909f56bfc062723c751e8b465ee728b)
Start importing Assets/Materials/submarinewall/submarine_diffuse.tiff using Guid(b36a6bf319d38b94f877f778df8d988f) Importer(815301076,1909f56bfc062723c751e8b465ee728b)  -> (artifact id: '5599427d9ff3f0f394f76044fd5d9084') in 0.099227 seconds
Number of updated asset objects reloaded before import = 0
Number of asset objects unloaded after import = 2
========================================================================
Received Import Request.
  Time since last request: 1123.094526 seconds.
  path: Assets/Scenes/SampleScene.unity
  artifactKey: Guid(9fc0d4010bbf28b4594072e72b8655ab) Importer(815301076,1909f56bfc062723c751e8b465ee728b)
Start importing Assets/Scenes/SampleScene.unity using Guid(9fc0d4010bbf28b4594072e72b8655ab) Importer(815301076,1909f56bfc062723c751e8b465ee728b)  -> (artifact id: '31635cb30a4d0c32182402a647a223c0') in 0.000901 seconds
Number of updated asset objects reloaded before import = 0
Number of asset objects unloaded after import = 0
========================================================================
Received Import Request.
  Time since last request: 7.421069 seconds.
  path: Assets/Scenes/submarinewall/Materials
  artifactKey: Guid(9de5292bb13658c4480e50ed3c6251f5) Importer(815301076,1909f56bfc062723c751e8b465ee728b)
Start importing Assets/Scenes/submarinewall/Materials using Guid(9de5292bb13658c4480e50ed3c6251f5) Importer(815301076,1909f56bfc062723c751e8b465ee728b)  -> (artifact id: '3460c5ec614a06f413346723fd328839') in 0.000438 seconds
Number of updated asset objects reloaded before import = 0
Number of asset objects unloaded after import = 0
========================================================================
Received Import Request.
  Time since last request: 0.054013 seconds.
  path: Assets/Scenes/submarinewall/Materials/submarine_diffuse.mat
  artifactKey: Guid(8c78369ef0db9144ebe5bd081c57bf97) Importer(815301076,1909f56bfc062723c751e8b465ee728b)
Start importing Assets/Scenes/submarinewall/Materials/submarine_diffuse.mat using Guid(8c78369ef0db9144ebe5bd081c57bf97) Importer(815301076,1909f56bfc062723c751e8b465ee728b)  -> (artifact id: 'e1c20137a26915092be52647b4e76e17') in 0.109347 seconds
Number of updated asset objects reloaded before import = 0
Number of asset objects unloaded after import = 1
========================================================================
Received Import Request.
  Time since last request: 2387.196974 seconds.
  path: Assets/Scenes/submarinewall/wall2_mask map.tif
  artifactKey: Guid(f7f39f11870251d40891836ed7e47ac1) Importer(815301076,1909f56bfc062723c751e8b465ee728b)
Start importing Assets/Scenes/submarinewall/wall2_mask map.tif using Guid(f7f39f11870251d40891836ed7e47ac1) Importer(815301076,1909f56bfc062723c751e8b465ee728b)  -> (artifact id: '77af47c7fd32edf268df8e58299a3533') in 0.103358 seconds
Number of updated asset objects reloaded before import = 0
Number of asset objects unloaded after import = 2
========================================================================
Received Import Request.
  Time since last request: 9.504480 seconds.
  path: Assets/Scenes/submarinewall/wall2_diffuseOriginal.tiff
  artifactKey: Guid(af0f425186590db4ab456b51bf7b7f40) Importer(815301076,1909f56bfc062723c751e8b465ee728b)
Start importing Assets/Scenes/submarinewall/wall2_diffuseOriginal.tiff using Guid(af0f425186590db4ab456b51bf7b7f40) Importer(815301076,1909f56bfc062723c751e8b465ee728b)  -> (artifact id: '9664465125f6cfc3fcabf2bdb7d114d5') in 0.022961 seconds
Number of updated asset objects reloaded before import = 0
Number of asset objects unloaded after import = 2
========================================================================
Received Import Request.
  Time since last request: 6.495072 seconds.
  path: Assets/Scenes/submarinewall/wall2_height.tiff
  artifactKey: Guid(57d4a70bf58f2594b87392b4df8c33c2) Importer(815301076,1909f56bfc062723c751e8b465ee728b)
Start importing Assets/Scenes/submarinewall/wall2_height.tiff using Guid(57d4a70bf58f2594b87392b4df8c33c2) Importer(815301076,1909f56bfc062723c751e8b465ee728b)  -> (artifact id: 'bb1da627be4be51a169abe33eef5fd83') in 0.021805 seconds
Number of updated asset objects reloaded before import = 0
Number of asset objects unloaded after import = 2
========================================================================
Received Import Request.
  Time since last request: 5.336035 seconds.
  path: Assets/Scenes/submarinewall/wall2_normal.tiff
  artifactKey: Guid(d93e457ad536ad747b73baa8741ad662) Importer(815301076,1909f56bfc062723c751e8b465ee728b)
Start importing Assets/Scenes/submarinewall/wall2_normal.tiff using Guid(d93e457ad536ad747b73baa8741ad662) Importer(815301076,1909f56bfc062723c751e8b465ee728b)  -> (artifact id: '3677cda8925b54fce61912b6c45a348b') in 0.026794 seconds
Number of updated asset objects reloaded before import = 0
Number of asset objects unloaded after import = 2
========================================================================
Received Import Request.
  Time since last request: 30.655021 seconds.
  path: Assets/Scenes/submarinewall/submarine.mat
  artifactKey: Guid(eb3ae64483beedf4da84ff4f408bd0a7) Importer(815301076,1909f56bfc062723c751e8b465ee728b)
Start importing Assets/Scenes/submarinewall/submarine.mat using Guid(eb3ae64483beedf4da84ff4f408bd0a7) Importer(815301076,1909f56bfc062723c751e8b465ee728b)  -> (artifact id: '0d0fa25c241ef247dfc56d5eb00e3b6f') in 0.021152 seconds
Number of updated asset objects reloaded before import = 0
Number of asset objects unloaded after import = 1
========================================================================
Received Import Request.
  Time since last request: 177.496984 seconds.
  path: Assets/Scenes/submarinewall/wall2_normal.tiff
  artifactKey: Guid(d93e457ad536ad747b73baa8741ad662) Importer(815301076,1909f56bfc062723c751e8b465ee728b)
Start importing Assets/Scenes/submarinewall/wall2_normal.tiff using Guid(d93e457ad536ad747b73baa8741ad662) Importer(815301076,1909f56bfc062723c751e8b465ee728b)  -> (artifact id: '3748bbf7bf6129f3bcf0c9ee0a868e03') in 0.036694 seconds
Number of updated asset objects reloaded before import = 0
Number of asset objects unloaded after import = 2
========================================================================
Received Import Request.
  Time since last request: 60.362846 seconds.
  path: Assets/Scenes/submarinewall/wall2_height.tiff
  artifactKey: Guid(57d4a70bf58f2594b87392b4df8c33c2) Importer(815301076,1909f56bfc062723c751e8b465ee728b)
Start importing Assets/Scenes/submarinewall/wall2_height.tiff using Guid(57d4a70bf58f2594b87392b4df8c33c2) Importer(815301076,1909f56bfc062723c751e8b465ee728b)  -> (artifact id: 'd88e335fa11e60fc30eeec577a0a20e4') in 0.034597 seconds
Number of updated asset objects reloaded before import = 0
Number of asset objects unloaded after import = 2
========================================================================
Received Import Request.
  Time since last request: 313.133902 seconds.
  path: Assets/Scenes/submarinewall/metallic_hexagonal_background.jpg
  artifactKey: Guid(45a0a7e634381464bb61a66333cd89bb) Importer(815301076,1909f56bfc062723c751e8b465ee728b)
Start importing Assets/Scenes/submarinewall/metallic_hexagonal_background.jpg using Guid(45a0a7e634381464bb61a66333cd89bb) Importer(815301076,1909f56bfc062723c751e8b465ee728b)  -> (artifact id: '79bde954759eb1b9e2c4fe42c8818b11') in 0.026161 seconds
Number of updated asset objects reloaded before import = 0
Number of asset objects unloaded after import = 2
========================================================================
Received Import Request.
  Time since last request: 222.513671 seconds.
  path: Assets/Scenes/submarinewall/New Material.mat
  artifactKey: Guid(888bfe08774dfd147acd27231fe60185) Importer(815301076,1909f56bfc062723c751e8b465ee728b)
Start importing Assets/Scenes/submarinewall/New Material.mat using Guid(888bfe08774dfd147acd27231fe60185) Importer(815301076,1909f56bfc062723c751e8b465ee728b)  -> (artifact id: 'e17e6b548034268bf894232f5c9c97f9') in 0.068473 seconds
Number of updated asset objects reloaded before import = 0
Number of asset objects unloaded after import = 5
